<?xml version="1.0" encoding="UTF-8"?>
<testng-results skipped="0" failed="0" ignored="0" total="1" passed="1">
  <reporter-output>
  </reporter-output>
  <suite name="Default suite" duration-ms="3513" started-at="2017-09-03T07:02:40Z" finished-at="2017-09-03T07:02:44Z">
    <groups>
    </groups>
    <test name="Default test" duration-ms="3513" started-at="2017-09-03T07:02:40Z" finished-at="2017-09-03T07:02:44Z">
      <class name="regression.launchbrowser">
        <test-method status="PASS" signature="launch()[pri:0, instance:regression.launchbrowser@3bfdc050]" name="launch" duration-ms="3486" started-at="2017-09-03T12:32:40Z" finished-at="2017-09-03T12:32:44Z">
          <reporter-output>
          </reporter-output>
        </test-method> <!-- launch -->
      </class> <!-- regression.launchbrowser -->
    </test> <!-- Default test -->
  </suite> <!-- Default suite -->
</testng-results>
