<?xml version="1.0" encoding="UTF-8"?>
<testng-results skipped="0" failed="0" ignored="0" total="2" passed="2">
  <reporter-output>
  </reporter-output>
  <suite name="Suite" duration-ms="31" started-at="2017-09-29T16:34:33Z" finished-at="2017-09-29T16:34:33Z">
    <groups>
    </groups>
    <test name="Test" duration-ms="31" started-at="2017-09-29T16:34:33Z" finished-at="2017-09-29T16:34:33Z">
      <class name="regression.testcase2">
        <test-method status="PASS" signature="tc2()[pri:0, instance:regression.testcase2@2d209079]" name="tc2" duration-ms="0" started-at="2017-09-29T22:04:33Z" finished-at="2017-09-29T22:04:33Z">
          <reporter-output>
          </reporter-output>
        </test-method> <!-- tc2 -->
      </class> <!-- regression.testcase2 -->
      <class name="regression.testcase1">
        <test-method status="PASS" signature="tc1()[pri:0, instance:regression.testcase1@129a8472]" name="tc1" duration-ms="16" started-at="2017-09-29T22:04:33Z" finished-at="2017-09-29T22:04:33Z">
          <reporter-output>
          </reporter-output>
        </test-method> <!-- tc1 -->
      </class> <!-- regression.testcase1 -->
    </test> <!-- Test -->
  </suite> <!-- Suite -->
</testng-results>
